<?xml version="1.0" encoding="UTF-8"?>
<testsuite name="com.billing.hotbill.api.dto.HotbillResultTest" tests="4" skipped="0" failures="0" errors="0" timestamp="2026-03-10T07:10:19.759Z" hostname="SKAXui-MacBookPro.local" time="0.004">
  <properties/>
  <testcase name="merge_메서드_비동기플래그_병합_테스트()" classname="com.billing.hotbill.api.dto.HotbillResultTest" time="0.0"/>
  <testcase name="asyncProcessing_정적메서드_테스트()" classname="com.billing.hotbill.api.dto.HotbillResultTest" time="0.0"/>
  <testcase name="merge_메서드_결과병합_테스트()" classname="com.billing.hotbill.api.dto.HotbillResultTest" time="0.0"/>
  <testcase name="HotbillResult_객체생성_테스트()" classname="com.billing.hotbill.api.dto.HotbillResultTest" time="0.0"/>
  <system-out><![CDATA[]]></system-out>
  <system-err><![CDATA[]]></system-err>
</testsuite>
