<?xml version="1.0" encoding="UTF-8"?>
<testsuite name="com.billing.hotbill.api.dto.ContractInfoTest" tests="2" skipped="0" failures="0" errors="0" timestamp="2026-03-10T07:10:19.746Z" hostname="SKAXui-MacBookPro.local" time="0.003">
  <properties/>
  <testcase name="계약정보_객체생성_테스트()" classname="com.billing.hotbill.api.dto.ContractInfoTest" time="0.001"/>
  <testcase name="계약정보_필드가_null이면_안됨()" classname="com.billing.hotbill.api.dto.ContractInfoTest" time="0.001"/>
  <system-out><![CDATA[]]></system-out>
  <system-err><![CDATA[]]></system-err>
</testsuite>
