<?xml version="1.0" encoding="UTF-8"?>
<testsuite name="com.billing.hotbill.api.dto.HotbillQueryRequestTest" tests="3" skipped="0" failures="0" errors="0" timestamp="2026-03-10T07:10:19.750Z" hostname="SKAXui-MacBookPro.local" time="0.003">
  <properties/>
  <testcase name="계약번호_리스트가_null이면_예외발생()" classname="com.billing.hotbill.api.dto.HotbillQueryRequestTest" time="0.0"/>
  <testcase name="Hotbill결과조회요청_객체생성_테스트()" classname="com.billing.hotbill.api.dto.HotbillQueryRequestTest" time="0.0"/>
  <testcase name="계약번호_리스트가_비어있으면_예외발생()" classname="com.billing.hotbill.api.dto.HotbillQueryRequestTest" time="0.0"/>
  <system-out><![CDATA[]]></system-out>
  <system-err><![CDATA[]]></system-err>
</testsuite>
