<?xml version="1.0" encoding="UTF-8"?>
<testsuite name="com.billing.hotbill.api.dto.BillingInfoTest" tests="2" skipped="0" failures="0" errors="0" timestamp="2026-03-10T07:10:19.710Z" hostname="SKAXui-MacBookPro.local" time="0.013">
  <properties/>
  <testcase name="청구정보_객체생성_테스트()" classname="com.billing.hotbill.api.dto.BillingInfoTest" time="0.009"/>
  <testcase name="필수필드가_null이면_예외발생()" classname="com.billing.hotbill.api.dto.BillingInfoTest" time="0.003"/>
  <system-out><![CDATA[]]></system-out>
  <system-err><![CDATA[]]></system-err>
</testsuite>
