<?xml version="1.0" encoding="UTF-8"?>
<testsuite name="com.billing.hotbill.api.enums.ContractTypeTest" tests="2" skipped="0" failures="0" errors="0" timestamp="2026-03-10T07:10:19.772Z" hostname="SKAXui-MacBookPro.local" time="0.002">
  <properties/>
  <testcase name="각_계약유형은_설명을_가져야_한다()" classname="com.billing.hotbill.api.enums.ContractTypeTest" time="0.001"/>
  <testcase name="모든_계약유형이_존재해야_한다()" classname="com.billing.hotbill.api.enums.ContractTypeTest" time="0.001"/>
  <system-out><![CDATA[]]></system-out>
  <system-err><![CDATA[]]></system-err>
</testsuite>
