<?xml version="1.0" encoding="UTF-8"?>
<testsuite name="com.billing.hotbill.api.dto.HotbillRequestTest" tests="4" skipped="0" failures="0" errors="0" timestamp="2026-03-10T07:10:19.754Z" hostname="SKAXui-MacBookPro.local" time="0.005">
  <properties/>
  <testcase name="getContractNumbers_메서드_테스트()" classname="com.billing.hotbill.api.dto.HotbillRequestTest" time="0.002"/>
  <testcase name="withContracts_메서드_새객체생성_테스트()" classname="com.billing.hotbill.api.dto.HotbillRequestTest" time="0.001"/>
  <testcase name="필수필드가_null이면_예외발생()" classname="com.billing.hotbill.api.dto.HotbillRequestTest" time="0.001"/>
  <testcase name="Hotbill요청_객체생성_테스트()" classname="com.billing.hotbill.api.dto.HotbillRequestTest" time="0.001"/>
  <system-out><![CDATA[]]></system-out>
  <system-err><![CDATA[]]></system-err>
</testsuite>
